<?xml version="1.0" encoding="UTF-8"?>
<!-- Generated by org.testng.reporters.JUnitReportReporter -->
<testsuite hostname="DESKTOP-M8BRLHM" failures="0" tests="1" name="omega.functional.login.scripts.TestScript001" time="9.644" errors="0" timestamp="2023-04-15T23:58:32 IST" skipped="0">
  <testcase classname="omega.functional.login.scripts.TestScript001" name="runScript" time="9.644"/>
  <system-out>
    <![CDATA[[[EdgeDriver: msedge on WINDOWS (76ad264a402806e4719d063175edc620)] -> xpath: //h3[@class='new_title_text']]]]>
  </system-out>
</testsuite> <!-- omega.functional.login.scripts.TestScript001 -->
